T‰n‰‰n on: Perjantai
Huomenna on: Lauantai
== JUVENES ==
Haetaan http://www.juvenes.fi/Suomeksi/Ravintolat_ja_kahvilat/Opiskelijaravintolat/_TTY__Zip
Lisattiin ruokarivi: Rohee Jauhemaksapihvit ja puolukkahillo (VL)
Lisattiin ruokarivi: Reilu Lohi-tuorejuustokastike (VL,G)
Lisattiin ruokarivi: Reilu Kasvis Kasvispihvi (VL)
Lisattiin ruokarivi: Reilu Kevyt Bataatti-tuorejuustokeito (G)
Haetaan http://www.juvenes.fi/Suomeksi/Ravintolat_ja_kahvilat/Opiskelijaravintolat/_TTY__Edison
Lisattiin ruokarivi: Rohee Lindstrˆminpihvi (L,G)
Lisattiin ruokarivi: Reilu Jauhelihamakaronilaatikko
Lisattiin ruokarivi: Reilu Kasvis Ratatouille (L,G,M,K,Ve  )
Lisattiin ruokarivi: Reilu Kevyt Chorico-cuscussalaatti (L,M,Vs)
Haetaan http://www.juvenes.fi/Suomeksi/Ravintolat_ja_kahvilat/Opiskelijaravintolat/_TTY__Newton
Lisattiin ruokarivi: Rohee Herkkupihvi (Vs)
Lisattiin ruokarivi: Reilu Broilerin koipireisi (L,G,M,Vs)
Lisattiin ruokarivi: Reilu Kasvis Tomaatti-kes‰kurpitsapaistos (VL,G,K,Vs)
Lisattiin ruokarivi: Reilu Kevyt Kasvisborssikeitto (L,G,M,K,Ve,Vs)
Haetaan http://www.juvenes.fi/Suomeksi/Ravintolat_ja_kahvilat/Opiskelijaravintolat/_TTY__Newton/Fusion_Kitchen
Lisattiin ruokarivi: Finger Food Platter (VL)
Lisattiin ruokarivi: Porsaanpihvi (L,G,M)
Lisattiin ruokarivi: Kasvisbagel
Lisattiin ruokarivi: Naudan grillipihvi ja maustevoi (L,G)
Haetaan http://www.juvenes.fi/Suomeksi/Ravintolat_ja_kahvilat/Opiskelijaravintolat/_TTY__Caf____Fast_Voltti/Pastabaari
Haetaan http://www.juvenes.fi/Suomeksi/Ravintolat_ja_kahvilat/Opiskelijaravintolat/_TTY__Zip/Salaattibaari
Haetaan http://www.juvenes.fi/Suomeksi/Ravintolat_ja_kahvilat/Opiskelijaravintolat/_TTY__Caf__Rom
Lisattiin ruokarivi: Kinkku Panini (VL)
Lisattiin ruokarivi: Kebab Panini (VL)
Lisattiin ruokarivi: Metwursti Panini (VL)
T‰n‰‰n on: Perjantai
Huomenna on: Lauantai
== JUVENES ==
Haetaan http://www.juvenes.fi/Suomeksi/Ravintolat_ja_kahvilat/Opiskelijaravintolat/_TTY__Zip
Lisattiin ruokarivi: Rohee Jauhemaksapihvit ja puolukkahillo (VL)
Lisattiin ruokarivi: Reilu Lohi-tuorejuustokastike (VL,G)
Lisattiin ruokarivi: Reilu Kasvis Kasvispihvi (VL)
Lisattiin ruokarivi: Reilu Kevyt Bataatti-tuorejuustokeito (G)
Haetaan http://www.juvenes.fi/Suomeksi/Ravintolat_ja_kahvilat/Opiskelijaravintolat/_TTY__Edison
Lisattiin ruokarivi: Rohee Lindstrˆminpihvi (L,G)
Lisattiin ruokarivi: Reilu Jauhelihamakaronilaatikko
Lisattiin ruokarivi: Reilu Kasvis Ratatouille (L,G,M,K,Ve  )
Lisattiin ruokarivi: Reilu Kevyt Chorico-cuscussalaatti (L,M,Vs)
Haetaan http://www.juvenes.fi/Suomeksi/Ravintolat_ja_kahvilat/Opiskelijaravintolat/_TTY__Newton
Lisattiin ruokarivi: Rohee Herkkupihvi (Vs)
Lisattiin ruokarivi: Reilu Broilerin koipireisi (L,G,M,Vs)
Lisattiin ruokarivi: Reilu Kasvis Tomaatti-kes‰kurpitsapaistos (VL,G,K,Vs)
Lisattiin ruokarivi: Reilu Kevyt Kasvisborssikeitto (L,G,M,K,Ve,Vs)
Haetaan http://www.juvenes.fi/Suomeksi/Ravintolat_ja_kahvilat/Opiskelijaravintolat/_TTY__Newton/Fusion_Kitchen
Lisattiin ruokarivi: Finger Food Platter (VL)
Lisattiin ruokarivi: Porsaanpihvi (L,G,M)
Lisattiin ruokarivi: Kasvisbagel
Lisattiin ruokarivi: Naudan grillipihvi ja maustevoi (L,G)
Haetaan http://www.juvenes.fi/Suomeksi/Ravintolat_ja_kahvilat/Opiskelijaravintolat/_TTY__Caf____Fast_Voltti/Pastabaari
Haetaan http://www.juvenes.fi/Suomeksi/Ravintolat_ja_kahvilat/Opiskelijaravintolat/_TTY__Zip/Salaattibaari
Haetaan http://www.juvenes.fi/Suomeksi/Ravintolat_ja_kahvilat/Opiskelijaravintolat/_TTY__Caf__Rom
Lisattiin ruokarivi: Kinkku Panini (VL)
Lisattiin ruokarivi: Kebab Panini (VL)
Lisattiin ruokarivi: Metwursti Panini (VL)
T‰n‰‰n on: Perjantai
Huomenna on: Lauantai
== JUVENES ==
Haetaan http://www.juvenes.fi/Suomeksi/Ravintolat_ja_kahvilat/Opiskelijaravintolat/_TTY__Zip
Lisattiin ruokarivi: Rohee Jauhemaksapihvit ja puolukkahillo (VL)
Lisattiin ruokarivi: Reilu Lohi-tuorejuustokastike (VL,G)
Lisattiin ruokarivi: Reilu Kasvis Kasvispihvi (VL)
Lisattiin ruokarivi: Reilu Kevyt Bataatti-tuorejuustokeito (G)
Haetaan http://www.juvenes.fi/Suomeksi/Ravintolat_ja_kahvilat/Opiskelijaravintolat/_TTY__Edison
Lisattiin ruokarivi: Rohee Lindstrˆminpihvi (L,G)
Lisattiin ruokarivi: Reilu Jauhelihamakaronilaatikko
Lisattiin ruokarivi: Reilu Kasvis Ratatouille (L,G,M,K,Ve  )
Lisattiin ruokarivi: Reilu Kevyt Chorico-cuscussalaatti (L,M,Vs)
Haetaan http://www.juvenes.fi/Suomeksi/Ravintolat_ja_kahvilat/Opiskelijaravintolat/_TTY__Newton
Lisattiin ruokarivi: Rohee Herkkupihvi (Vs)
Lisattiin ruokarivi: Reilu Broilerin koipireisi (L,G,M,Vs)
Lisattiin ruokarivi: Reilu Kasvis Tomaatti-kes‰kurpitsapaistos (VL,G,K,Vs)
Lisattiin ruokarivi: Reilu Kevyt Kasvisborssikeitto (L,G,M,K,Ve,Vs)
Haetaan http://www.juvenes.fi/Suomeksi/Ravintolat_ja_kahvilat/Opiskelijaravintolat/_TTY__Newton/Fusion_Kitchen
Lisattiin ruokarivi: Finger Food Platter (VL)
Lisattiin ruokarivi: Porsaanpihvi (L,G,M)
Lisattiin ruokarivi: Kasvisbagel
Lisattiin ruokarivi: Naudan grillipihvi ja maustevoi (L,G)
Haetaan http://www.juvenes.fi/Suomeksi/Ravintolat_ja_kahvilat/Opiskelijaravintolat/_TTY__Caf____Fast_Voltti/Pastabaari
Haetaan http://www.juvenes.fi/Suomeksi/Ravintolat_ja_kahvilat/Opiskelijaravintolat/_TTY__Zip/Salaattibaari
Haetaan http://www.juvenes.fi/Suomeksi/Ravintolat_ja_kahvilat/Opiskelijaravintolat/_TTY__Caf__Rom
Lisattiin ruokarivi: Kinkku Panini (VL)
Lisattiin ruokarivi: Kebab Panini (VL)
Lisattiin ruokarivi: Metwursti Panini (VL)
T‰n‰‰n on: Perjantai
Huomenna on: Lauantai
== JUVENES ==
Haetaan http://www.juvenes.fi/Suomeksi/Ravintolat_ja_kahvilat/Opiskelijaravintolat/_TTY__Zip
Lisattiin ruokarivi: Rohee Jauhemaksapihvit ja puolukkahillo (VL)
Lisattiin ruokarivi: Reilu Lohi-tuorejuustokastike (VL,G)
Lisattiin ruokarivi: Reilu Kasvis Kasvispihvi (VL)
Lisattiin ruokarivi: Reilu Kevyt Bataatti-tuorejuustokeito (G)
Haetaan http://www.juvenes.fi/Suomeksi/Ravintolat_ja_kahvilat/Opiskelijaravintolat/_TTY__Edison
Lisattiin ruokarivi: Rohee Lindstr√∂minpihvi (L,G)
Lisattiin ruokarivi: Reilu Jauhelihamakaronilaatikko
Lisattiin ruokarivi: Reilu Kasvis Ratatouille (L,G,M,K,Ve  )
Lisattiin ruokarivi: Reilu Kevyt Chorico-cuscussalaatti (L,M,Vs)
Haetaan http://www.juvenes.fi/Suomeksi/Ravintolat_ja_kahvilat/Opiskelijaravintolat/_TTY__Newton
Lisattiin ruokarivi: Rohee Herkkupihvi (Vs)
Lisattiin ruokarivi: Reilu Broilerin koipireisi (L,G,M,Vs)
Lisattiin ruokarivi: Reilu Kasvis Tomaatti-kes√§kurpitsapaistos (VL,G,K,Vs)
Lisattiin ruokarivi: Reilu Kevyt Kasvisborssikeitto (L,G,M,K,Ve,Vs)
Haetaan http://www.juvenes.fi/Suomeksi/Ravintolat_ja_kahvilat/Opiskelijaravintolat/_TTY__Newton/Fusion_Kitchen
Lisattiin ruokarivi: Finger Food Platter (VL)
Lisattiin ruokarivi: Porsaanpihvi (L,G,M)
Lisattiin ruokarivi: Kasvisbagel
Lisattiin ruokarivi: Naudan grillipihvi ja maustevoi (L,G)
Haetaan http://www.juvenes.fi/Suomeksi/Ravintolat_ja_kahvilat/Opiskelijaravintolat/_TTY__Caf____Fast_Voltti/Pastabaari
Haetaan http://www.juvenes.fi/Suomeksi/Ravintolat_ja_kahvilat/Opiskelijaravintolat/_TTY__Zip/Salaattibaari
Haetaan http://www.juvenes.fi/Suomeksi/Ravintolat_ja_kahvilat/Opiskelijaravintolat/_TTY__Caf__Rom
Lisattiin ruokarivi: Kinkku Panini (VL)
Lisattiin ruokarivi: Kebab Panini (VL)
Lisattiin ruokarivi: Metwursti Panini (VL)
T‰n‰‰n on: Perjantai
Huomenna on: Lauantai
== JUVENES ==
Haetaan http://www.juvenes.fi/Suomeksi/Ravintolat_ja_kahvilat/Opiskelijaravintolat/_TTY__Zip
Lisattiin ruokarivi: Rohee Jauhemaksapihvit ja puolukkahillo (VL)
Lisattiin ruokarivi: Reilu Lohi-tuorejuustokastike (VL,G)
Lisattiin ruokarivi: Reilu Kasvis Kasvispihvi (VL)
Lisattiin ruokarivi: Reilu Kevyt Bataatti-tuorejuustokeito (G)
Haetaan http://www.juvenes.fi/Suomeksi/Ravintolat_ja_kahvilat/Opiskelijaravintolat/_TTY__Edison
Lisattiin ruokarivi: Rohee Lindstr√∂minpihvi (L,G)
Lisattiin ruokarivi: Reilu Jauhelihamakaronilaatikko
Lisattiin ruokarivi: Reilu Kasvis Ratatouille (L,G,M,K,Ve  )
Lisattiin ruokarivi: Reilu Kevyt Chorico-cuscussalaatti (L,M,Vs)
Haetaan http://www.juvenes.fi/Suomeksi/Ravintolat_ja_kahvilat/Opiskelijaravintolat/_TTY__Newton
Lisattiin ruokarivi: Rohee Herkkupihvi (Vs)
Lisattiin ruokarivi: Reilu Broilerin koipireisi (L,G,M,Vs)
Lisattiin ruokarivi: Reilu Kasvis Tomaatti-kes√§kurpitsapaistos (VL,G,K,Vs)
Lisattiin ruokarivi: Reilu Kevyt Kasvisborssikeitto (L,G,M,K,Ve,Vs)
Haetaan http://www.juvenes.fi/Suomeksi/Ravintolat_ja_kahvilat/Opiskelijaravintolat/_TTY__Newton/Fusion_Kitchen
Lisattiin ruokarivi: Finger Food Platter (VL)
Lisattiin ruokarivi: Porsaanpihvi (L,G,M)
Lisattiin ruokarivi: Kasvisbagel
Lisattiin ruokarivi: Naudan grillipihvi ja maustevoi (L,G)
Haetaan http://www.juvenes.fi/Suomeksi/Ravintolat_ja_kahvilat/Opiskelijaravintolat/_TTY__Caf____Fast_Voltti/Pastabaari
Haetaan http://www.juvenes.fi/Suomeksi/Ravintolat_ja_kahvilat/Opiskelijaravintolat/_TTY__Zip/Salaattibaari
Haetaan http://www.juvenes.fi/Suomeksi/Ravintolat_ja_kahvilat/Opiskelijaravintolat/_TTY__Caf__Rom
Lisattiin ruokarivi: Kinkku Panini (VL)
Lisattiin ruokarivi: Kebab Panini (VL)
Lisattiin ruokarivi: Metwursti Panini (VL)
T‰n‰‰n on: Sunnuntai
Huomenna on: Maanantai
== JUVENES ==
Haetaan http://www.juvenes.fi/Suomeksi/Ravintolat_ja_kahvilat/Opiskelijaravintolat/_TTY__Zip
Haetaan http://www.juvenes.fi/Suomeksi/Ravintolat_ja_kahvilat/Opiskelijaravintolat/_TTY__Edison
Haetaan http://www.juvenes.fi/Suomeksi/Ravintolat_ja_kahvilat/Opiskelijaravintolat/_TTY__Newton
Haetaan http://www.juvenes.fi/Suomeksi/Ravintolat_ja_kahvilat/Opiskelijaravintolat/_TTY__Newton/Fusion_Kitchen
Haetaan http://www.juvenes.fi/Suomeksi/Ravintolat_ja_kahvilat/Opiskelijaravintolat/_TTY__Caf____Fast_Voltti/Pastabaari
Haetaan http://www.juvenes.fi/Suomeksi/Ravintolat_ja_kahvilat/Opiskelijaravintolat/_TTY__Zip/Salaattibaari
Haetaan http://www.juvenes.fi/Suomeksi/Ravintolat_ja_kahvilat/Opiskelijaravintolat/_TTY__Caf__Rom
